<?xml version="1.0" encoding="UTF-8"?>
<!-- Generated by org.testng.reporters.JUnitReportReporter -->
<testsuite skipped="0" hostname="tamaraPC" name="TestFrameWork_Test.NavigationLinksTest" tests="7" failures="0" timestamp="19 Jul 2018 05:16:05 GMT" time="106.784" errors="0">
  <testcase name="test_TryPrimeLink" time="12.988" classname="TestFrameWork_Test.NavigationLinksTest"/>
  <testcase name="test_DayDealsLink" time="9.954" classname="TestFrameWork_Test.NavigationLinksTest"/>
  <testcase name="test_SellLink" time="52.214" classname="TestFrameWork_Test.NavigationLinksTest"/>
  <testcase name="test_HelpLink" time="6.232" classname="TestFrameWork_Test.NavigationLinksTest"/>
  <testcase name="test_RegistryLink" time="6.680" classname="TestFrameWork_Test.NavigationLinksTest"/>
  <testcase name="test_SignInLink" time="12.027" classname="TestFrameWork_Test.NavigationLinksTest"/>
  <testcase name="test_GiftCardsLink" time="6.689" classname="TestFrameWork_Test.NavigationLinksTest"/>
</testsuite> <!-- TestFrameWork_Test.NavigationLinksTest -->
