<?xml version="1.0" encoding="UTF-8"?>
<!-- Generated by org.testng.reporters.JUnitReportReporter -->
<testsuite skipped="0" hostname="tamaraPC" name="TestFrameWork_Test.HomePageContentTest" tests="10" failures="0" timestamp="19 Jul 2018 04:44:59 GMT" time="5.383" errors="0">
  <testcase name="test_Home_Page_Footer" time="0.085" classname="TestFrameWork_Test.HomePageContentTest"/>
  <testcase name="test_Home_Page_DepartmentsLink" time="0.204" classname="TestFrameWork_Test.HomePageContentTest"/>
  <testcase name="test_Home_Page_DepartmentsList" time="3.720" classname="TestFrameWork_Test.HomePageContentTest"/>
  <testcase name="test_Home_Page_FooterLinks" time="0.088" classname="TestFrameWork_Test.HomePageContentTest"/>
  <testcase name="test_Home_Page_SignInLink" time="0.082" classname="TestFrameWork_Test.HomePageContentTest"/>
  <testcase name="test_Home_Page_OrdersLink" time="0.081" classname="TestFrameWork_Test.HomePageContentTest"/>
  <testcase name="test_Home_Page_OrdersCart" time="0.097" classname="TestFrameWork_Test.HomePageContentTest"/>
  <testcase name="test_Home_Page_TryPrime" time="0.084" classname="TestFrameWork_Test.HomePageContentTest"/>
  <testcase name="test_Home_Page_DropBox" time="0.842" classname="TestFrameWork_Test.HomePageContentTest"/>
  <testcase name="test_Home_Page_SearchBox" time="0.100" classname="TestFrameWork_Test.HomePageContentTest"/>
</testsuite> <!-- TestFrameWork_Test.HomePageContentTest -->
